<?xml version="1.0" encoding="UTF-8"?>
<!-- Generated by org.testng.reporters.JUnitReportReporter -->
<testsuite hostname="VI1XXVQ01ELMXCO" failures="0" tests="2" name="com.opensource.admin.qa.TC004_Admin_DeleteUser" time="69.273" errors="0" timestamp="07 jul 2021 23:33:50 GMT" skipped="0">
  <testcase classname="com.opensource.admin.qa.TC004_Admin_DeleteUser" name="TC003_Admin_AddNewUser_Script" time="36.387"/>
  <testcase classname="com.opensource.admin.qa.TC004_Admin_DeleteUser" name="TC004_Admin_DeleteUser_Script" time="32.886"/>
</testsuite> <!-- com.opensource.admin.qa.TC004_Admin_DeleteUser -->
