<?xml version="1.0" encoding="UTF-8"?>
<!-- Generated by org.testng.reporters.JUnitReportReporter -->
<testsuite hostname="VI1XXVQ01ELMXCO" failures="0" tests="1" name="com.opensource.admin.qa.TC005_Admin_CreateUserDisabled" time="32.700" errors="0" timestamp="01 jul 2021 01:08:49 GMT" skipped="0">
  <testcase classname="com.opensource.admin.qa.TC005_Admin_CreateUserDisabled" name="TC005_Admin_CreateUserDisabled_Script" time="32.700"/>
</testsuite> <!-- com.opensource.admin.qa.TC005_Admin_CreateUserDisabled -->
