<?xml version="1.0" encoding="UTF-8"?>
<!-- Generated by org.testng.reporters.JUnitReportReporter -->
<testsuite hostname="VI1XXVQ01ELMXCO" failures="0" tests="1" name="com.opensource.admin.qa.TC001_Admin_SearchEmployee" time="31.671" errors="0" timestamp="07 jul 2021 02:49:43 GMT" skipped="0">
  <testcase classname="com.opensource.admin.qa.TC001_Admin_SearchEmployee" name="TC001_Admin_SearchEmployee_Script" time="31.671"/>
</testsuite> <!-- com.opensource.admin.qa.TC001_Admin_SearchEmployee -->
