<?xml version="1.0" encoding="UTF-8"?>
<!-- Generated by org.testng.reporters.JUnitReportReporter -->
<testsuite hostname="VI1XXVQ01ELMXCO" failures="0" tests="1" name="com.opensource.admin.qa.TC004_Admin_DeleteUser" time="33.539" errors="0" timestamp="30 jun 2021 04:38:32 GMT" skipped="0">
  <testcase classname="com.opensource.admin.qa.TC004_Admin_DeleteUser" name="TC004_Admin_DeleteUser_Script" time="33.539"/>
</testsuite> <!-- com.opensource.admin.qa.TC004_Admin_DeleteUser -->
