<?xml version="1.0" encoding="UTF-8"?>
<!-- Generated by org.testng.reporters.JUnitReportReporter -->
<testsuite hostname="VI1XXVQ01ELMXCO" failures="0" tests="1" name="com.opensource.admin.qa.TC003Admin_AddNewUser_POM" time="33.641" errors="0" timestamp="07 jul 2021 23:55:46 GMT" skipped="0">
  <testcase classname="com.opensource.admin.qa.TC003Admin_AddNewUser_POM" name="TC003Admin_AddNewUser_POM_Script" time="33.641"/>
</testsuite> <!-- com.opensource.admin.qa.TC003Admin_AddNewUser_POM -->
