<?xml version="1.0" encoding="UTF-8"?>
<!-- Generated by org.testng.reporters.JUnitReportReporter -->
<testsuite hostname="VI1XXVQ01ELMXCO" failures="0" tests="1" name="com.opensource.admin.qa.TC005Admin_CreateUserDisabled_POM" time="14.392" errors="0" timestamp="10 jul 2021 01:53:47 GMT" skipped="0">
  <testcase classname="com.opensource.admin.qa.TC005Admin_CreateUserDisabled_POM" name="TC005Admin_CreateUserDisabled_Script" time="14.392"/>
</testsuite> <!-- com.opensource.admin.qa.TC005Admin_CreateUserDisabled_POM -->
