<?xml version="1.0" encoding="UTF-8"?>
<!-- Generated by org.testng.reporters.JUnitReportReporter -->
<testsuite hostname="VI1XXVQ01ELMXCO" failures="0" tests="1" name="com.opensource.admin.qa.TC002_Admin_SearchEmployee_NotExist" time="31.611" errors="0" timestamp="30 jun 2021 04:29:23 GMT" skipped="0">
  <testcase classname="com.opensource.admin.qa.TC002_Admin_SearchEmployee_NotExist" name="TC002_Admin_SearchEmployee_NotExist_Script" time="31.611"/>
</testsuite> <!-- com.opensource.admin.qa.TC002_Admin_SearchEmployee_NotExist -->
