<?xml version="1.0" encoding="UTF-8"?>
<!-- Generated by org.testng.reporters.JUnitReportReporter -->
<testsuite hostname="VI1XXVQ01ELMXCO" failures="0" tests="1" name="com.opensource.admin.qa.TC001_AdminSearchEmployee_POM" time="12.795" errors="0" timestamp="10 jul 2021 01:51:45 GMT" skipped="0">
  <testcase classname="com.opensource.admin.qa.TC001_AdminSearchEmployee_POM" name="TC001_AdminSearchEmployee_POM_Script" time="12.795"/>
</testsuite> <!-- com.opensource.admin.qa.TC001_AdminSearchEmployee_POM -->
