<?xml version="1.0" encoding="UTF-8"?>
<!-- Generated by org.testng.reporters.JUnitReportReporter -->
<testsuite hostname="VI1XXVQ01ELMXCO" failures="0" tests="2" name="com.opensource.admin.qa.TC003_Admin_AddNewUser" time="24.025" errors="0" timestamp="30 jun 2021 22:42:09 GMT" skipped="0">
  <testcase classname="com.opensource.admin.qa.TC003_Admin_AddNewUser" name="beforeTest" time="0.001"/>
  <testcase classname="com.opensource.admin.qa.TC003_Admin_AddNewUser" name="TC003_Admin_AddNewUser_Script" time="24.024"/>
</testsuite> <!-- com.opensource.admin.qa.TC003_Admin_AddNewUser -->
