<?xml version="1.0" encoding="UTF-8"?>
<!-- Generated by org.testng.reporters.JUnitReportReporter -->
<testsuite hostname="VI1XXVQ01ELMXCO" failures="0" tests="1" name="com.opensource.admin.qa.TC001_AdminSearchEmployee_POM" time="27.313" errors="0" timestamp="07 jul 2021 04:27:52 GMT" skipped="0">
  <testcase classname="com.opensource.admin.qa.TC001_AdminSearchEmployee_POM" name="TC001_AdminSearchEmployee_POM_Script" time="27.313"/>
</testsuite> <!-- com.opensource.admin.qa.TC001_AdminSearchEmployee_POM -->
