<?xml version="1.0" encoding="UTF-8"?>
<!-- Generated by org.testng.reporters.JUnitReportReporter -->
<testsuite hostname="VI1XXVQ01ELMXCO" failures="0" tests="1" name="com.google.GoogleTest" time="26.644" errors="0" timestamp="05 jun 2021 13:58:01 GMT" skipped="0">
  <testcase classname="com.google.GoogleTest" name="f" time="26.644"/>
</testsuite> <!-- com.google.GoogleTest -->
