<?xml version="1.0" encoding="UTF-8"?>
<!-- Generated by org.testng.reporters.JUnitReportReporter -->
<testsuite hostname="VI1XXVQ01ELMXCO" failures="0" tests="2" name="com.opensource.admin.qa.TC003_Admin_AddNewUser" time="34.800" errors="0" timestamp="01 jul 2021 01:07:08 GMT" skipped="0">
  <testcase classname="com.opensource.admin.qa.TC003_Admin_AddNewUser" name="beforeTest" time="0.002"/>
  <testcase classname="com.opensource.admin.qa.TC003_Admin_AddNewUser" name="TC003_Admin_AddNewUser_Script" time="34.798"/>
</testsuite> <!-- com.opensource.admin.qa.TC003_Admin_AddNewUser -->
