<?xml version="1.0" encoding="UTF-8"?>
<!-- Generated by org.testng.reporters.JUnitReportReporter -->
<testsuite hostname="VI1XXVQ01ELMXCO" failures="0" tests="1" name="com.google.GoogleTest" time="7.001" errors="0" timestamp="15 jun 2021 22:08:47 GMT" skipped="0">
  <testcase classname="com.google.GoogleTest" name="f" time="7.001"/>
</testsuite> <!-- com.google.GoogleTest -->
