<?xml version="1.0" encoding="UTF-8"?>
<!-- Generated by org.testng.reporters.JUnitReportReporter -->
<testsuite hostname="VI1XXVQ01ELMXCO" failures="0" tests="1" name="com.cobranza.NewTest" time="12.103" errors="0" timestamp="15 jun 2021 22:13:04 GMT" skipped="0">
  <testcase classname="com.cobranza.NewTest" name="f" time="12.103"/>
</testsuite> <!-- com.cobranza.NewTest -->
