<?xml version="1.0" encoding="UTF-8"?>
<!-- Generated by org.testng.reporters.JUnitReportReporter -->
<testsuite hostname="VI1XXVQ01ELMXCO" failures="0" tests="1" name="com.opensource.admin.qa.TC002_AdminSearchEmployee_NotExist_POM" time="27.929" errors="0" timestamp="07 jul 2021 04:26:09 GMT" skipped="0">
  <testcase classname="com.opensource.admin.qa.TC002_AdminSearchEmployee_NotExist_POM" name="fTC002_AdminSearchEmployee_NotExist_POM_Script" time="27.929"/>
</testsuite> <!-- com.opensource.admin.qa.TC002_AdminSearchEmployee_NotExist_POM -->
